
> Configure project :app
WARNING: The option setting 'android.defaults.buildfeatures.buildconfig=true' is deprecated.
The current default is 'false'.
It will be removed in version 9.0 of the Android Gradle plugin.
To keep using this feature, add the following to your module-level build.gradle files:
    android.buildFeatures.buildConfig = true
or from Android Studio, click: `Refactor` > `Migrate BuildConfig to Gradle Build Files`.
ksp-2.0.0-1.0.21 is too old for kotlin-2.0.10. Please upgrade ksp or downgrade kotlin-gradle-plugin to 2.0.0.
ksp-2.0.0-1.0.21 is too old for kotlin-2.0.10. Please upgrade ksp or downgrade kotlin-gradle-plugin to 2.0.0.
ksp-2.0.0-1.0.21 is too old for kotlin-2.0.10. Please upgrade ksp or downgrade kotlin-gradle-plugin to 2.0.0.
ksp-2.0.0-1.0.21 is too old for kotlin-2.0.10. Please upgrade ksp or downgrade kotlin-gradle-plugin to 2.0.0.
ksp-2.0.0-1.0.21 is too old for kotlin-2.0.10. Please upgrade ksp or downgrade kotlin-gradle-plugin to 2.0.0.
ksp-2.0.0-1.0.21 is too old for kotlin-2.0.10. Please upgrade ksp or downgrade kotlin-gradle-plugin to 2.0.0.
ksp-2.0.0-1.0.21 is too old for kotlin-2.0.10. Please upgrade ksp or downgrade kotlin-gradle-plugin to 2.0.0.
ksp-2.0.0-1.0.21 is too old for kotlin-2.0.10. Please upgrade ksp or downgrade kotlin-gradle-plugin to 2.0.0.
ksp-2.0.0-1.0.21 is too old for kotlin-2.0.10. Please upgrade ksp or downgrade kotlin-gradle-plugin to 2.0.0.
ksp-2.0.0-1.0.21 is too old for kotlin-2.0.10. Please upgrade ksp or downgrade kotlin-gradle-plugin to 2.0.0.

> Task :clean UP-TO-DATE
> Task :app:clean
> Task :app:preBuild UP-TO-DATE
> Task :app:preDebugBuild UP-TO-DATE
> Task :app:mergeDebugJniLibFolders
> Task :app:mergeDebugNativeLibs
> Task :app:checkKotlinGradlePluginConfigurationErrors SKIPPED
> Task :app:generateDebugResValues
> Task :app:dataBindingMergeDependencyArtifactsDebug
> Task :app:generateDebugResources
> Task :app:injectCrashlyticsMappingFileIdDebug

> Task :app:stripDebugDebugSymbols
Unable to strip the following libraries, packaging them as they are: libandroidx.graphics.path.so, libdatastore_shared_counter.so, libserialport.so.

> Task :app:processDebugGoogleServices
> Task :app:extractDebugNativeDebugMetadata
> Task :app:compileDebugAidl

> Task :app:mergeDebugResources
L:\SHOP_APP_KDS\app\src\main\res\values-pl\strings.xml:320:4: Multiple substitutions specified in non-positional format of string resource string/price_format_currency. Did you mean to add the formatted="false" attribute?
L:\SHOP_APP_KDS\app\src\main\res\values-pl\strings.xml:262:4: Multiple substitutions specified in non-positional format of string resource string/price_format_currency_minus. Did you mean to add the formatted="false" attribute?

> Task :app:mergeDebugNativeDebugMetadata NO-SOURCE

> Task :app:mergeDebugResources
L:\SHOP_APP_KDS\app\src\main\res\values\strings.xml:334:4: Multiple substitutions specified in non-positional format of string resource string/price_format_currency. Did you mean to add the formatted="false" attribute?
L:\SHOP_APP_KDS\app\src\main\res\values\strings.xml:291:4: Multiple substitutions specified in non-positional format of string resource string/price_format_currency_minus. Did you mean to add the formatted="false" attribute?

> Task :app:packageDebugResources
> Task :app:dataBindingTriggerDebug
> Task :app:generateDebugBuildConfig
> Task :app:generateSafeArgsDebug
> Task :app:parseDebugLocalResources
> Task :app:mapDebugSourceSetPaths
> Task :app:checkDebugAarMetadata
> Task :app:dataBindingGenBaseClassesDebug
> Task :app:createDebugCompatibleScreenManifests
> Task :app:extractDeepLinksDebug

> Task :app:processDebugMainManifest
package="com.itsorderkds" found in source AndroidManifest.xml: L:\SHOP_APP_KDS\app\src\main\AndroidManifest.xml.
Setting the namespace via the package attribute in the source AndroidManifest.xml is no longer supported, and the value is ignored.
Recommendation: remove package="com.itsorderkds" from the source AndroidManifest.xml: L:\SHOP_APP_KDS\app\src\main\AndroidManifest.xml.
L:\SHOP_APP_KDS\app\src\main\AndroidManifest.xml:29:5-76 Warning:
	Element uses-permission#android.permission.FOREGROUND_SERVICE at AndroidManifest.xml:29:5-76 duplicated with element declared at AndroidManifest.xml:26:5-77

> Task :app:processDebugManifest
> Task :app:mergeDebugShaders
> Task :app:compileDebugShaders NO-SOURCE
> Task :app:generateDebugAssets UP-TO-DATE
> Task :app:mergeDebugAssets
> Task :app:javaPreCompileDebug
> Task :app:compressDebugAssets
> Task :app:desugarDebugFileDependencies
> Task :app:validateSigningDebug
> Task :app:writeDebugAppMetadata
> Task :app:writeDebugSigningConfigVersions
> Task :app:processDebugManifestForPackage
> Task :app:checkDebugDuplicateClasses
> Task :app:mergeLibDexDebug
> Task :app:processDebugResources
> Task :app:kspDebugKotlin
> Task :app:mergeExtDexDebug

> Task :app:compileDebugKotlin FAILED
.\gradlew : e: file:///L:/SHOP_APP_KDS/app/src/main/java/com/itsorderkds/data/model/LanguageOption.kt:5:27 Unresolved reference 'product'.
At line:1 char:21
+ cd L:\SHOP_APP_KDS; .\gradlew clean assembleDebug 2>&1 | Out-File -Fi ...
+                     ~~~~~~~~~~~~~~~~~~~~~~~~~~~~~~~~~~
    + CategoryInfo          : NotSpecified: (e: file:///L:/S...ence 'product'.:String) [], RemoteException
    + FullyQualifiedErrorId : NativeCommandError
 
e: file:///L:/SHOP_APP_KDS/app/src/main/java/com/itsorderkds/ui/theme/home/HomeActivity.kt:95:27 Unresolved reference 'product'.
e: file:///L:/SHOP_APP_KDS/app/src/main/java/com/itsorderkds/ui/theme/home/HomeActivity.kt:884:38 Unresolved reference 'ProductsViewModel'.
e: file:///L:/SHOP_APP_KDS/app/src/main/java/com/itsorderkds/ui/theme/home/HomeActivity.kt:886:17 Unresolved reference 'CategoriesListScreen'.
e: file:///L:/SHOP_APP_KDS/app/src/main/java/com/itsorderkds/ui/theme/home/HomeActivity.kt:888:41 Cannot infer type for this parameter. Please specify it explicitly.
e: file:///L:/SHOP_APP_KDS/app/src/main/java/com/itsorderkds/ui/theme/home/HomeActivity.kt:888:53 Cannot infer type for this parameter. Please specify it explicitly.
e: file:///L:/SHOP_APP_KDS/app/src/main/java/com/itsorderkds/ui/theme/home/HomeActivity.kt:909:38 Unresolved reference 'ProductsViewModel'.
e: file:///L:/SHOP_APP_KDS/app/src/main/java/com/itsorderkds/ui/theme/home/HomeActivity.kt:911:17 Unresolved reference 'CategoryProductsScreen'.
e: file:///L:/SHOP_APP_KDS/app/src/main/java/com/itsorderkds/ui/theme/home/HomeActivity.kt:915:40 Cannot infer type for this parameter. Please specify it explicitly.
e: file:///L:/SHOP_APP_KDS/app/src/main/java/com/itsorderkds/ui/theme/home/HomeActivity.kt:931:17 Unresolved reference 'ProductsScreen'.
e: file:///L:/SHOP_APP_KDS/app/src/main/java/com/itsorderkds/ui/theme/home/HomeActivity.kt:933:40 Cannot infer type for this parameter. Please specify it explicitly.
e: file:///L:/SHOP_APP_KDS/app/src/main/java/com/itsorderkds/ui/theme/home/HomeActivity.kt:942:17 Unresolved reference 'ProductDetailScreen'.
e: file:///L:/SHOP_APP_KDS/app/src/main/java/com/itsorderkds/ui/theme/home/HomeActivity.kt:962:63 Unresolved reference 'OpenHoursScreen'.

FAILURE: Build failed with an exception.

* What went wrong:
Execution failed for task ':app:compileDebugKotlin'.
> A failure occurred while executing org.jetbrains.kotlin.compilerRunner.GradleCompilerRunnerWithWorkers$GradleKotlinCompilerWorkAction
   > Compilation error. See log for more details

* Try:
> Run with --stacktrace option to get the stack trace.
> Run with --info or --debug option to get more log output.
> Run with --scan to get full insights.
> Get more help at https://help.gradle.org.

BUILD FAILED in 39s
40 actionable tasks: 39 executed, 1 up-to-date
