kotlin version: 2.0.10
error message: org.jetbrains.kotlin.util.FileAnalysisException: While analysing L:/SHOP APP/app/src/main/java/com/itsorderchat/ui/product/CategoriesListScreen.kt:42:5: java.io.FileNotFoundException: L:\SHOP APP\app\build\tmp\kotlin-classes\debug\com\itsorderchat\ui\product\ProductsViewModel.class (System nie może odnaleźć określonej ścieżki)
	at org.jetbrains.kotlin.util.AnalysisExceptionsKt.wrapIntoFileAnalysisExceptionIfNeeded(AnalysisExceptions.kt:56)
	at org.jetbrains.kotlin.fir.FirCliExceptionHandler.handleExceptionOnFileAnalysis(Utils.kt:180)
	at org.jetbrains.kotlin.fir.resolve.transformers.FirAbstractPhaseTransformer.transformFile(FirAbstractPhaseTransformer.kt:45)
	at org.jetbrains.kotlin.fir.resolve.transformers.FirTypeResolveTransformer.access$transformFile$s2121775402(FirTypeResolveTransformer.kt:65)
	at org.jetbrains.kotlin.fir.resolve.transformers.FirTypeResolveTransformer.transformFile(FirTypeResolveTransformer.kt:111)
	at org.jetbrains.kotlin.fir.declarations.FirFile.transform(FirFile.kt:46)
	at org.jetbrains.kotlin.fir.resolve.transformers.FirTransformerBasedResolveProcessor.processFile(FirResolveProcessor.kt:48)
	at org.jetbrains.kotlin.fir.resolve.transformers.FirTotalResolveProcessor.process(FirTotalResolveProcessor.kt:36)
	at org.jetbrains.kotlin.fir.pipeline.AnalyseKt.runResolution(analyse.kt:20)
	at org.jetbrains.kotlin.fir.pipeline.FirUtilsKt.resolveAndCheckFir(firUtils.kt:76)
	at org.jetbrains.kotlin.fir.pipeline.FirUtilsKt.buildResolveAndCheckFirViaLightTree(firUtils.kt:88)
	at org.jetbrains.kotlin.cli.jvm.compiler.pipeline.JvmCompilerPipelineKt.compileModuleToAnalyzedFir(jvmCompilerPipeline.kt:313)
	at org.jetbrains.kotlin.cli.jvm.compiler.pipeline.JvmCompilerPipelineKt.compileModulesUsingFrontendIrAndLightTree(jvmCompilerPipeline.kt:115)
	at org.jetbrains.kotlin.cli.jvm.K2JVMCompiler.doExecute(K2JVMCompiler.kt:155)
	at org.jetbrains.kotlin.cli.jvm.K2JVMCompiler.doExecute(K2JVMCompiler.kt:50)
	at org.jetbrains.kotlin.cli.common.CLICompiler.execImpl(CLICompiler.kt:104)
	at org.jetbrains.kotlin.cli.common.CLICompiler.execImpl(CLICompiler.kt:48)
	at org.jetbrains.kotlin.cli.common.CLITool.exec(CLITool.kt:101)
	at org.jetbrains.kotlin.incremental.IncrementalJvmCompilerRunner.runCompiler(IncrementalJvmCompilerRunner.kt:453)
	at org.jetbrains.kotlin.incremental.IncrementalJvmCompilerRunner.runCompiler(IncrementalJvmCompilerRunner.kt:62)
	at org.jetbrains.kotlin.incremental.IncrementalCompilerRunner.doCompile(IncrementalCompilerRunner.kt:506)
	at org.jetbrains.kotlin.incremental.IncrementalCompilerRunner.compileImpl(IncrementalCompilerRunner.kt:423)
	at org.jetbrains.kotlin.incremental.IncrementalCompilerRunner.tryCompileIncrementally$lambda$9$compile(IncrementalCompilerRunner.kt:249)
	at org.jetbrains.kotlin.incremental.IncrementalCompilerRunner.tryCompileIncrementally(IncrementalCompilerRunner.kt:267)
	at org.jetbrains.kotlin.incremental.IncrementalCompilerRunner.compile(IncrementalCompilerRunner.kt:120)
	at org.jetbrains.kotlin.daemon.CompileServiceImplBase.execIncrementalCompiler(CompileServiceImpl.kt:676)
	at org.jetbrains.kotlin.daemon.CompileServiceImplBase.access$execIncrementalCompiler(CompileServiceImpl.kt:92)
	at org.jetbrains.kotlin.daemon.CompileServiceImpl.compile(CompileServiceImpl.kt:1661)
	at java.base/jdk.internal.reflect.DirectMethodHandleAccessor.invoke(Unknown Source)
	at java.base/java.lang.reflect.Method.invoke(Unknown Source)
	at java.rmi/sun.rmi.server.UnicastServerRef.dispatch(Unknown Source)
	at java.rmi/sun.rmi.transport.Transport$1.run(Unknown Source)
	at java.rmi/sun.rmi.transport.Transport$1.run(Unknown Source)
	at java.base/java.security.AccessController.doPrivileged(Unknown Source)
	at java.rmi/sun.rmi.transport.Transport.serviceCall(Unknown Source)
	at java.rmi/sun.rmi.transport.tcp.TCPTransport.handleMessages(Unknown Source)
	at java.rmi/sun.rmi.transport.tcp.TCPTransport$ConnectionHandler.run0(Unknown Source)
	at java.rmi/sun.rmi.transport.tcp.TCPTransport$ConnectionHandler.lambda$run$0(Unknown Source)
	at java.base/java.security.AccessController.doPrivileged(Unknown Source)
	at java.rmi/sun.rmi.transport.tcp.TCPTransport$ConnectionHandler.run(Unknown Source)
	at java.base/java.util.concurrent.ThreadPoolExecutor.runWorker(Unknown Source)
	at java.base/java.util.concurrent.ThreadPoolExecutor$Worker.run(Unknown Source)
	at java.base/java.lang.Thread.run(Unknown Source)
Caused by: java.io.FileNotFoundException: L:\SHOP APP\app\build\tmp\kotlin-classes\debug\com\itsorderchat\ui\product\ProductsViewModel.class (System nie może odnaleźć określonej ścieżki)
	at java.base/java.io.FileInputStream.open0(Native Method)
	at java.base/java.io.FileInputStream.open(Unknown Source)
	at java.base/java.io.FileInputStream.<init>(Unknown Source)
	at org.jetbrains.kotlin.com.intellij.openapi.util.io.FileUtil.loadFileBytes(FileUtil.java:204)
	at org.jetbrains.kotlin.com.intellij.openapi.vfs.local.CoreLocalVirtualFile.contentsToByteArray(CoreLocalVirtualFile.java:98)
	at org.jetbrains.kotlin.cli.jvm.compiler.KotlinCliJavaFileManagerImpl.findClass(KotlinCliJavaFileManagerImpl.kt:127)
	at org.jetbrains.kotlin.resolve.jvm.KotlinJavaPsiFacade$CliFinder.findClass(KotlinJavaPsiFacade.java:538)
	at org.jetbrains.kotlin.resolve.jvm.KotlinJavaPsiFacade.findClass(KotlinJavaPsiFacade.java:181)
	at org.jetbrains.kotlin.load.java.JavaClassFinderImpl.findClass(JavaClassFinderImpl.kt:46)
	at org.jetbrains.kotlin.fir.java.FirJavaFacade.findClass(FirJavaFacade.kt:84)
	at org.jetbrains.kotlin.fir.java.deserialization.JvmClassFileBasedSymbolProvider.extractClassMetadata(JvmClassFileBasedSymbolProvider.kt:168)
	at org.jetbrains.kotlin.fir.deserialization.AbstractFirDeserializedSymbolProvider.findAndDeserializeClass(AbstractFirDeserializedSymbolProvider.kt:228)
	at org.jetbrains.kotlin.fir.deserialization.AbstractFirDeserializedSymbolProvider.classCache$lambda$5(AbstractFirDeserializedSymbolProvider.kt:162)
	at org.jetbrains.kotlin.fir.caches.FirThreadUnsafeCacheWithPostCompute.getValue(FirThreadUnsafeCachesFactory.kt:58)
	at org.jetbrains.kotlin.fir.deserialization.AbstractFirDeserializedSymbolProvider.getClass(AbstractFirDeserializedSymbolProvider.kt:314)
	at org.jetbrains.kotlin.fir.deserialization.AbstractFirDeserializedSymbolProvider.getClass$default(AbstractFirDeserializedSymbolProvider.kt:297)
	at org.jetbrains.kotlin.fir.deserialization.AbstractFirDeserializedSymbolProvider.getClassLikeSymbolByClassId(AbstractFirDeserializedSymbolProvider.kt:371)
	at org.jetbrains.kotlin.fir.resolve.providers.impl.FirCachingCompositeSymbolProvider.computeClass(FirCachingCompositeSymbolProvider.kt:147)
	at org.jetbrains.kotlin.fir.resolve.providers.impl.FirCachingCompositeSymbolProvider.access$computeClass(FirCachingCompositeSymbolProvider.kt:27)
	at org.jetbrains.kotlin.fir.resolve.providers.impl.FirCachingCompositeSymbolProvider$special$$inlined$createCache$1.invoke(FirCachesFactory.kt:71)
	at org.jetbrains.kotlin.fir.resolve.providers.impl.FirCachingCompositeSymbolProvider$special$$inlined$createCache$1.invoke(FirCachesFactory.kt:69)
	at org.jetbrains.kotlin.fir.caches.FirThreadUnsafeCache.getValue(FirThreadUnsafeCachesFactory.kt:40)
	at org.jetbrains.kotlin.fir.resolve.providers.impl.FirCachingCompositeSymbolProvider.getClassLikeSymbolByClassId(FirCachingCompositeSymbolProvider.kt:174)
	at org.jetbrains.kotlin.fir.scopes.impl.FirPackageMemberScope.processClassifiersByNameWithSubstitution(FirPackageMemberScope.kt:42)
	at org.jetbrains.kotlin.fir.resolve.providers.impl.FirTypeResolverImpl.resolveUserTypeToSymbol(FirTypeResolverImpl.kt:141)
	at org.jetbrains.kotlin.fir.resolve.providers.impl.FirTypeResolverImpl.resolveType(FirTypeResolverImpl.kt:443)
	at org.jetbrains.kotlin.fir.resolve.transformers.FirSpecificTypeResolverTransformer.resolveType(FirSpecificTypeResolverTransformer.kt:130)
	at org.jetbrains.kotlin.fir.resolve.transformers.FirSpecificTypeResolverTransformer.transformTypeRef(FirSpecificTypeResolverTransformer.kt:91)
	at org.jetbrains.kotlin.fir.resolve.transformers.FirSpecificTypeResolverTransformer.transformTypeRef(FirSpecificTypeResolverTransformer.kt:35)
	at org.jetbrains.kotlin.fir.visitors.FirDefaultTransformer.transformTypeRefWithNullability(FirDefaultTransformer.kt:31)
	at org.jetbrains.kotlin.fir.visitors.FirDefaultTransformer.transformUserTypeRef(FirDefaultTransformer.kt:43)
	at org.jetbrains.kotlin.fir.types.FirUserTypeRef.transform(FirUserTypeRef.kt:32)
	at org.jetbrains.kotlin.fir.resolve.transformers.FirTypeResolveTransformer.transformTypeRef(FirTypeResolveTransformer.kt:331)
	at org.jetbrains.kotlin.fir.resolve.transformers.FirTypeResolveTransformer.transformTypeRef(FirTypeResolveTransformer.kt:65)
	at org.jetbrains.kotlin.fir.visitors.FirDefaultTransformer.transformTypeRefWithNullability(FirDefaultTransformer.kt:31)
	at org.jetbrains.kotlin.fir.visitors.FirDefaultTransformer.transformUserTypeRef(FirDefaultTransformer.kt:43)
	at org.jetbrains.kotlin.fir.types.FirUserTypeRef.transform(FirUserTypeRef.kt:32)
	at org.jetbrains.kotlin.fir.declarations.impl.FirValueParameterImpl.transformReturnTypeRef(FirValueParameterImpl.kt:105)
	at org.jetbrains.kotlin.fir.declarations.impl.FirValueParameterImpl.transformReturnTypeRef(FirValueParameterImpl.kt:31)
	at org.jetbrains.kotlin.fir.resolve.transformers.FirTypeResolveTransformer.transformValueParameter(FirTypeResolveTransformer.kt:343)
	at org.jetbrains.kotlin.fir.declarations.FirValueParameter.transform(FirValueParameter.kt:64)
	at org.jetbrains.kotlin.fir.visitors.FirTransformerUtilKt.transformInplace(FirTransformerUtil.kt:20)
	at org.jetbrains.kotlin.fir.declarations.impl.FirSimpleFunctionImpl.transformValueParameters(FirSimpleFunctionImpl.kt:103)
	at org.jetbrains.kotlin.fir.declarations.impl.FirSimpleFunctionImpl.transformChildren(FirSimpleFunctionImpl.kt:79)
	at org.jetbrains.kotlin.fir.declarations.impl.FirSimpleFunctionImpl.transformChildren(FirSimpleFunctionImpl.kt:31)
	at org.jetbrains.kotlin.fir.resolve.transformers.FirAbstractTreeTransformer.transformElement(FirAbstractTreeTransformer.kt:14)
	at org.jetbrains.kotlin.fir.visitors.FirTransformer.transformDeclaration(FirTransformer.kt:143)
	at org.jetbrains.kotlin.fir.resolve.transformers.FirTypeResolveTransformer.transformSimpleFunction(FirTypeResolveTransformer.kt:272)
	at org.jetbrains.kotlin.fir.resolve.transformers.FirTypeResolveTransformer.transformSimpleFunction(FirTypeResolveTransformer.kt:65)
	at org.jetbrains.kotlin.fir.declarations.FirSimpleFunction.transform(FirSimpleFunction.kt:55)
	at org.jetbrains.kotlin.fir.visitors.FirTransformerUtilKt.transformInplace(FirTransformerUtil.kt:20)
	at org.jetbrains.kotlin.fir.declarations.impl.FirFileImpl.transformDeclarations(FirFileImpl.kt:79)
	at org.jetbrains.kotlin.fir.declarations.impl.FirFileImpl.transformChildren(FirFileImpl.kt:64)
	at org.jetbrains.kotlin.fir.declarations.impl.FirFileImpl.transformChildren(FirFileImpl.kt:28)
	at org.jetbrains.kotlin.fir.resolve.transformers.FirAbstractTreeTransformer.transformElement(FirAbstractTreeTransformer.kt:14)
	at org.jetbrains.kotlin.fir.visitors.FirTransformer.transformFile(FirTransformer.kt:359)
	at org.jetbrains.kotlin.fir.resolve.transformers.FirAbstractPhaseTransformer.transformFile(FirAbstractPhaseTransformer.kt:31)
	... 40 more


error message: Daemon compilation failed: null
java.lang.Exception
	at org.jetbrains.kotlin.daemon.common.CompileService$CallResult$Error.get(CompileService.kt:69)
	at org.jetbrains.kotlin.daemon.common.CompileService$CallResult$Error.get(CompileService.kt:65)
	at org.jetbrains.kotlin.compilerRunner.GradleKotlinCompilerWork.compileWithDaemon(GradleKotlinCompilerWork.kt:240)
	at org.jetbrains.kotlin.compilerRunner.GradleKotlinCompilerWork.compileWithDaemonOrFallbackImpl(GradleKotlinCompilerWork.kt:159)
	at org.jetbrains.kotlin.compilerRunner.GradleKotlinCompilerWork.run(GradleKotlinCompilerWork.kt:111)
	at org.jetbrains.kotlin.compilerRunner.GradleCompilerRunnerWithWorkers$GradleKotlinCompilerWorkAction.execute(GradleCompilerRunnerWithWorkers.kt:76)
	at org.gradle.workers.internal.DefaultWorkerServer.execute(DefaultWorkerServer.java:63)
	at org.gradle.workers.internal.NoIsolationWorkerFactory$1$1.create(NoIsolationWorkerFactory.java:66)
	at org.gradle.workers.internal.NoIsolationWorkerFactory$1$1.create(NoIsolationWorkerFactory.java:62)
	at org.gradle.internal.classloader.ClassLoaderUtils.executeInClassloader(ClassLoaderUtils.java:100)
	at org.gradle.workers.internal.NoIsolationWorkerFactory$1.lambda$execute$0(NoIsolationWorkerFactory.java:62)
	at org.gradle.workers.internal.AbstractWorker$1.call(AbstractWorker.java:44)
	at org.gradle.workers.internal.AbstractWorker$1.call(AbstractWorker.java:41)
	at org.gradle.internal.operations.DefaultBuildOperationRunner$CallableBuildOperationWorker.execute(DefaultBuildOperationRunner.java:200)
	at org.gradle.internal.operations.DefaultBuildOperationRunner$CallableBuildOperationWorker.execute(DefaultBuildOperationRunner.java:195)
	at org.gradle.internal.operations.DefaultBuildOperationRunner$2.execute(DefaultBuildOperationRunner.java:66)
	at org.gradle.internal.operations.DefaultBuildOperationRunner$2.execute(DefaultBuildOperationRunner.java:59)
	at org.gradle.internal.operations.DefaultBuildOperationRunner.execute(DefaultBuildOperationRunner.java:157)
	at org.gradle.internal.operations.DefaultBuildOperationRunner.execute(DefaultBuildOperationRunner.java:59)
	at org.gradle.internal.operations.DefaultBuildOperationRunner.call(DefaultBuildOperationRunner.java:53)
	at org.gradle.internal.operations.DefaultBuildOperationExecutor.call(DefaultBuildOperationExecutor.java:73)
	at org.gradle.workers.internal.AbstractWorker.executeWrappedInBuildOperation(AbstractWorker.java:41)
	at org.gradle.workers.internal.NoIsolationWorkerFactory$1.execute(NoIsolationWorkerFactory.java:59)
	at org.gradle.workers.internal.DefaultWorkerExecutor.lambda$submitWork$0(DefaultWorkerExecutor.java:174)
	at java.base/java.util.concurrent.FutureTask.run(Unknown Source)
	at org.gradle.internal.work.DefaultConditionalExecutionQueue$ExecutionRunner.runExecution(DefaultConditionalExecutionQueue.java:187)
	at org.gradle.internal.work.DefaultConditionalExecutionQueue$ExecutionRunner.access$700(DefaultConditionalExecutionQueue.java:120)
	at org.gradle.internal.work.DefaultConditionalExecutionQueue$ExecutionRunner$1.run(DefaultConditionalExecutionQueue.java:162)
	at org.gradle.internal.Factories$1.create(Factories.java:31)
	at org.gradle.internal.work.DefaultWorkerLeaseService.withLocks(DefaultWorkerLeaseService.java:264)
	at org.gradle.internal.work.DefaultWorkerLeaseService.runAsWorkerThread(DefaultWorkerLeaseService.java:128)
	at org.gradle.internal.work.DefaultWorkerLeaseService.runAsWorkerThread(DefaultWorkerLeaseService.java:133)
	at org.gradle.internal.work.DefaultConditionalExecutionQueue$ExecutionRunner.runBatch(DefaultConditionalExecutionQueue.java:157)
	at org.gradle.internal.work.DefaultConditionalExecutionQueue$ExecutionRunner.run(DefaultConditionalExecutionQueue.java:126)
	at java.base/java.util.concurrent.Executors$RunnableAdapter.call(Unknown Source)
	at java.base/java.util.concurrent.FutureTask.run(Unknown Source)
	at org.gradle.internal.concurrent.ExecutorPolicy$CatchAndRecordFailures.onExecute(ExecutorPolicy.java:64)
	at org.gradle.internal.concurrent.AbstractManagedExecutor$1.run(AbstractManagedExecutor.java:47)
	at java.base/java.util.concurrent.ThreadPoolExecutor.runWorker(Unknown Source)
	at java.base/java.util.concurrent.ThreadPoolExecutor$Worker.run(Unknown Source)
	at java.base/java.lang.Thread.run(Unknown Source)
Caused by: java.nio.file.NoSuchFileException: C:\Users\wegrz\AppData\Local\Temp\kotlin-backups767096880073852800\271.backup -> L:\SHOP APP\app\build\tmp\kotlin-classes\debug\com\itsorderchat\ui\settings\PrintSettingsScreenKt$PrintSettingsScreen$2$1$3.class
	at java.base/sun.nio.fs.WindowsException.translateToIOException(Unknown Source)
	at java.base/sun.nio.fs.WindowsException.rethrowAsIOException(Unknown Source)
	at java.base/sun.nio.fs.WindowsFileCopy.move(Unknown Source)
	at java.base/sun.nio.fs.WindowsFileSystemProvider.move(Unknown Source)
	at java.base/java.nio.file.Files.move(Unknown Source)
	at org.jetbrains.kotlin.incremental.RecoverableCompilationTransaction.revertChanges(CompilationTransaction.kt:231)
	at org.jetbrains.kotlin.incremental.RecoverableCompilationTransaction.close(CompilationTransaction.kt:256)
	at org.jetbrains.kotlin.incremental.IncrementalCompilerRunner.tryCompileIncrementally(IncrementalCompilerRunner.kt:747)
	at org.jetbrains.kotlin.incremental.IncrementalCompilerRunner.compile(IncrementalCompilerRunner.kt:120)
	at org.jetbrains.kotlin.daemon.CompileServiceImplBase.execIncrementalCompiler(CompileServiceImpl.kt:676)
	at org.jetbrains.kotlin.daemon.CompileServiceImplBase.access$execIncrementalCompiler(CompileServiceImpl.kt:92)
	at org.jetbrains.kotlin.daemon.CompileServiceImpl.compile(CompileServiceImpl.kt:1661)
	at java.base/jdk.internal.reflect.DirectMethodHandleAccessor.invoke(Unknown Source)
	at java.base/java.lang.reflect.Method.invoke(Unknown Source)
	at java.rmi/sun.rmi.server.UnicastServerRef.dispatch(Unknown Source)
	at java.rmi/sun.rmi.transport.Transport$1.run(Unknown Source)
	at java.rmi/sun.rmi.transport.Transport$1.run(Unknown Source)
	at java.base/java.security.AccessController.doPrivileged(Unknown Source)
	at java.rmi/sun.rmi.transport.Transport.serviceCall(Unknown Source)
	at java.rmi/sun.rmi.transport.tcp.TCPTransport.handleMessages(Unknown Source)
	at java.rmi/sun.rmi.transport.tcp.TCPTransport$ConnectionHandler.run0(Unknown Source)
	at java.rmi/sun.rmi.transport.tcp.TCPTransport$ConnectionHandler.lambda$run$0(Unknown Source)
	at java.base/java.security.AccessController.doPrivileged(Unknown Source)
	at java.rmi/sun.rmi.transport.tcp.TCPTransport$ConnectionHandler.run(Unknown Source)
	... 3 more


